# JRE version: OpenJDK Runtime Environment Temurin-17.0.7+7 (17.0.7+7) (build 17.0.7+7)
# Java VM: OpenJDK 64-Bit Server VM Temurin-17.0.7+7 (17.0.7+7, mixed mode, emulated-client, tiered, compressed oops, compressed class ptrs, g1 gc, windows-amd64)
GC Precious Log:
 CPUs: 4 total, 4 available
 Memory: 8107M
 Large Page Support: Disabled
 NUMA Support: Disabled
 Compressed Oops: Enabled (32-bit)
 Heap Region Size: 1M
 Heap Min Capacity: 8M
 Heap Initial Capacity: 128M
 Heap Max Capacity: 1G
 Pre-touch: Disabled
 Parallel Workers: 4
 Concurrent Workers: 1
 Concurrent Refinement Workers: 4
 Periodic GC: Disabled
Heap:
 garbage-first heap   total 58368K, used 44251K [0x00000000c0000000, 0x0000000100000000)
  region size 1024K, 27 young (27648K), 1 survivors (1024K)
 Metaspace       used 37170K, committed 37568K, reserved 1114112K
  class space    used 4823K, committed 4992K, reserved 1048576K
GC Heap History (20 events):
Event: 1914.486 GC heap after
{Heap after GC invocations=62 (full 47):
 garbage-first heap   total 58368K, used 18564K [0x00000000c0000000, 0x0000000100000000)
  region size 1024K, 1 young (1024K), 1 survivors (1024K)
 Metaspace       used 37169K, committed 37568K, reserved 1114112K
  class space    used 4822K, committed 4992K, reserved 1048576K
}
Event: 2125.789 GC heap before
{Heap before GC invocations=62 (full 47):
 garbage-first heap   total 58368K, used 46212K [0x00000000c0000000, 0x0000000100000000)
  region size 1024K, 28 young (28672K), 1 survivors (1024K)
 Metaspace       used 37169K, committed 37568K, reserved 1114112K
  class space    used 4822K, committed 4992K, reserved 1048576K
}
Event: 2125.791 GC heap after
{Heap after GC invocations=63 (full 47):
 garbage-first heap   total 58368K, used 18562K [0x00000000c0000000, 0x0000000100000000)
  region size 1024K, 1 young (1024K), 1 survivors (1024K)
 Metaspace       used 37169K, committed 37568K, reserved 1114112K
  class space    used 4822K, committed 4992K, reserved 1048576K
}
Event: 2285.244 GC heap before
{Heap before GC invocations=63 (full 47):
 garbage-first heap   total 58368K, used 46210K [0x00000000c0000000, 0x0000000100000000)
  region size 1024K, 28 young (28672K), 1 survivors (1024K)
 Metaspace       used 37169K, committed 37568K, reserved 1114112K
  class space    used 4822K, committed 4992K, reserved 1048576K
}
Event: 2285.245 GC heap after
{Heap after GC invocations=64 (full 47):
 garbage-first heap   total 58368K, used 18560K [0x00000000c0000000, 0x0000000100000000)
  region size 1024K, 1 young (1024K), 1 survivors (1024K)
 Metaspace       used 37169K, committed 37568K, reserved 1114112K
  class space    used 4822K, committed 4992K, reserved 1048576K
}
Event: 2495.452 GC heap before
{Heap before GC invocations=64 (full 47):
 garbage-first heap   total 58368K, used 47232K [0x00000000c0000000, 0x0000000100000000)
  region size 1024K, 29 young (29696K), 1 survivors (1024K)
 Metaspace       used 37170K, committed 37568K, reserved 1114112K
  class space    used 4823K, committed 4992K, reserved 1048576K
}
Event: 2495.453 GC heap after
{Heap after GC invocations=65 (full 47):
 garbage-first heap   total 58368K, used 18562K [0x00000000c0000000, 0x0000000100000000)
  region size 1024K, 1 young (1024K), 1 survivors (1024K)
 Metaspace       used 37170K, committed 37568K, reserved 1114112K
  class space    used 4823K, committed 4992K, reserved 1048576K
}
Event: 2729.513 GC heap before
{Heap before GC invocations=65 (full 47):
 garbage-first heap   total 58368K, used 48258K [0x00000000c0000000, 0x0000000100000000)
  region size 1024K, 30 young (30720K), 1 survivors (1024K)
 Metaspace       used 37170K, committed 37568K, reserved 1114112K
  class space    used 4823K, committed 4992K, reserved 1048576K
}
Event: 2729.514 GC heap after
{Heap after GC invocations=66 (full 47):
 garbage-first heap   total 58368K, used 18560K [0x00000000c0000000, 0x0000000100000000)
  region size 1024K, 1 young (1024K), 1 survivors (1024K)
 Metaspace       used 37170K, committed 37568K, reserved 1114112K
  class space    used 4823K, committed 4992K, reserved 1048576K
}
Event: 2922.603 GC heap before
{Heap before GC invocations=66 (full 47):
 garbage-first heap   total 58368K, used 48256K [0x00000000c0000000, 0x0000000100000000)
  region size 1024K, 30 young (30720K), 1 survivors (1024K)
 Metaspace       used 37170K, committed 37568K, reserved 1114112K
  class space    used 4823K, committed 4992K, reserved 1048576K
}
Event: 2922.606 GC heap after
{Heap after GC invocations=67 (full 47):
 garbage-first heap   total 58368K, used 18564K [0x00000000c0000000, 0x0000000100000000)
  region size 1024K, 1 young (1024K), 1 survivors (1024K)
 Metaspace       used 37170K, committed 37568K, reserved 1114112K
  class space    used 4823K, committed 4992K, reserved 1048576K
}
Event: 3100.472 GC heap before
{Heap before GC invocations=67 (full 47):
 garbage-first heap   total 58368K, used 48260K [0x00000000c0000000, 0x0000000100000000)
  region size 1024K, 30 young (30720K), 1 survivors (1024K)
 Metaspace       used 37170K, committed 37568K, reserved 1114112K
  class space    used 4823K, committed 4992K, reserved 1048576K
}
Event: 3100.473 GC heap after
{Heap after GC invocations=68 (full 47):
 garbage-first heap   total 58368K, used 18559K [0x00000000c0000000, 0x0000000100000000)
  region size 1024K, 1 young (1024K), 1 survivors (1024K)
 Metaspace       used 37170K, committed 37568K, reserved 1114112K
  class space    used 4823K, committed 4992K, reserved 1048576K
}
Event: 3337.527 GC heap before
{Heap before GC invocations=68 (full 47):
 garbage-first heap   total 58368K, used 48255K [0x00000000c0000000, 0x0000000100000000)
  region size 1024K, 30 young (30720K), 1 survivors (1024K)
 Metaspace       used 37170K, committed 37568K, reserved 1114112K
  class space    used 4823K, committed 4992K, reserved 1048576K
}
Event: 3337.528 GC heap after
{Heap after GC invocations=69 (full 47):
 garbage-first heap   total 58368K, used 18562K [0x00000000c0000000, 0x0000000100000000)
  region size 1024K, 1 young (1024K), 1 survivors (1024K)
 Metaspace       used 37170K, committed 37568K, reserved 1114112K
  class space    used 4823K, committed 4992K, reserved 1048576K
}
Event: 3740.190 GC heap before
{Heap before GC invocations=69 (full 47):
 garbage-first heap   total 58368K, used 49282K [0x00000000c0000000, 0x0000000100000000)
  region size 1024K, 31 young (31744K), 1 survivors (1024K)
 Metaspace       used 37170K, committed 37568K, reserved 1114112K
  class space    used 4823K, committed 4992K, reserved 1048576K
}
Event: 3740.194 GC heap after
{Heap after GC invocations=70 (full 47):
 garbage-first heap   total 58368K, used 18564K [0x00000000c0000000, 0x0000000100000000)
  region size 1024K, 1 young (1024K), 1 survivors (1024K)
 Metaspace       used 37170K, committed 37568K, reserved 1114112K
  class space    used 4823K, committed 4992K, reserved 1048576K
}
Event: 4051.661 GC heap before
{Heap before GC invocations=70 (full 47):
 garbage-first heap   total 58368K, used 49284K [0x00000000c0000000, 0x0000000100000000)
  region size 1024K, 31 young (31744K), 1 survivors (1024K)
 Metaspace       used 37170K, committed 37568K, reserved 1114112K
  class space    used 4823K, committed 4992K, reserved 1048576K
}
Event: 4051.664 GC heap after
{Heap after GC invocations=71 (full 47):
 garbage-first heap   total 58368K, used 18562K [0x00000000c0000000, 0x0000000100000000)
  region size 1024K, 1 young (1024K), 1 survivors (1024K)
 Metaspace       used 37170K, committed 37568K, reserved 1114112K
  class space    used 4823K, committed 4992K, reserved 1048576K
}
Event: 23258.637 GC heap before
{Heap before GC invocations=71 (full 47):
 garbage-first heap   total 58368K, used 44162K [0x00000000c0000000, 0x0000000100000000)
  region size 1024K, 27 young (27648K), 1 survivors (1024K)
 Metaspace       used 37170K, committed 37568K, reserved 1114112K
  class space    used 4823K, committed 4992K, reserved 1048576K
}

